Solid Edge Translation to STL
Date: Tuesday,January 24,2023 11:54AM
Source File:I:\ENEL 417\Box Stuff\top wall.par
Source System: SOLID EDGE

Hardware:
Processor: Intel(R) Core(TM) i7-7700 CPU @ 3.60GHz
Operating System: Windows 10 Professional
Installed Memory: 15.86 GB

Software Information:
Parasolid Version: 35.0.149
PSBodyshop Version: 35.0.82
Solid Edge Version: 223.00.00.101 x64

STL Export Options:
Output File Format:BINARY
Export Displayed Parts:Off
structureOption: Monolithic
Export Units:Inch
Export Tolerance Value:0.050000
Export Tolerance Type:Custom
Export Surface Plane Angle Value:0.523599

Translation progress:
Phase 1 of 2 Fetching Parasolid information...
Phase 2 of 2 Translating Parasolid to foreign data types...
Number of STL file Created : 1
Translation process completed
Time required to translate:00 : 00 : 01
